Using pre-set license
Built from '2020.3/release' branch; Version is '2020.3.27f1 (e759542391ea) revision 15161684'; Using compiler version '192528614'; Build Type 'Release'
OS: 'Windows 10  (10.0.19045) 64bit Professional' Language: 'en' Physical Memory: 16191 MB
BatchMode: 1, IsHumanControllingUs: 0, StartBugReporterOnCrash: 0, Is64bit: 1, IsPro: 0

COMMAND LINE ARGUMENTS:
C:\Program Files\Unity Hub\Editor\2020.3.27f1\Editor\Unity.exe
-adb2
-batchMode
-noUpm
-name
AssetImportWorker0
-projectPath
D:/Repositories/GitHub/Game-World-Generator/ML - Game World Generator
-logFile
Logs/AssetImportWorker0.log
-srvPort
1220
Successfully changed project path to: D:/Repositories/GitHub/Game-World-Generator/ML - Game World Generator
D:/Repositories/GitHub/Game-World-Generator/ML - Game World Generator
Using Asset Import Pipeline V2.
Refreshing native plugins compatible for Editor in 50.10 ms, found 2 plugins.
Preloading 0 native plugins for Editor in 0.00 ms.
Initialize engine version: 2020.3.27f1 (e759542391ea)
[Subsystems] Discovering subsystems at path C:/Program Files/Unity Hub/Editor/2020.3.27f1/Editor/Data/Resources/UnitySubsystems
[Subsystems] Discovering subsystems at path D:/Repositories/GitHub/Game-World-Generator/ML - Game World Generator/Assets
GfxDevice: creating device client; threaded=0
Direct3D:
    Version:  Direct3D 11.0 [level 11.1]
    Renderer: NVIDIA GeForce GTX 1650 (ID=0x1f91)
    Vendor:   
    VRAM:     3935 MB
    Driver:   31.0.15.5212
Initialize mono
Mono path[0] = 'C:/Program Files/Unity Hub/Editor/2020.3.27f1/Editor/Data/Managed'
Mono path[1] = 'C:/Program Files/Unity Hub/Editor/2020.3.27f1/Editor/Data/MonoBleedingEdge/lib/mono/unityjit'
Mono config path = 'C:/Program Files/Unity Hub/Editor/2020.3.27f1/Editor/Data/MonoBleedingEdge/etc'
Using monoOptions --debugger-agent=transport=dt_socket,embedding=1,server=y,suspend=n,address=127.0.0.1:56676
Begin MonoManager ReloadAssembly
Registering precompiled unity dll's ...
Register platform support module: C:/Program Files/Unity Hub/Editor/2020.3.27f1/Editor/Data/PlaybackEngines/WindowsStandaloneSupport/UnityEditor.WindowsStandalone.Extensions.dll
Registered in 0.003144 seconds.
Native extension for WindowsStandalone target not found
Refreshing native plugins compatible for Editor in 41.36 ms, found 2 plugins.
Preloading 0 native plugins for Editor in 0.00 ms.
Mono: successfully reloaded assembly
- Completed reload, in  0.911 seconds
Domain Reload Profiling:
	ReloadAssembly (911ms)
		BeginReloadAssembly (97ms)
			ExecutionOrderSort (0ms)
			DisableScriptedObjects (0ms)
			BackupInstance (0ms)
			ReleaseScriptingObjects (0ms)
			CreateAndSetChildDomain (1ms)
		EndReloadAssembly (694ms)
			LoadAssemblies (91ms)
			RebuildTransferFunctionScriptingTraits (0ms)
			SetupTypeCache (288ms)
			ReleaseScriptCaches (0ms)
			RebuildScriptCaches (39ms)
			SetupLoadedEditorAssemblies (212ms)
				LogAssemblyErrors (0ms)
				InitializePlatformSupportModulesInManaged (5ms)
				SetLoadedEditorAssemblies (0ms)
				RefreshPlugins (41ms)
				BeforeProcessingInitializeOnLoad (21ms)
				ProcessInitializeOnLoadAttributes (111ms)
				ProcessInitializeOnLoadMethodAttributes (33ms)
				AfterProcessingInitializeOnLoad (0ms)
				EditorAssembliesLoaded (0ms)
			ExecutionOrderSort2 (0ms)
			AwakeInstancesAfterBackupRestoration (0ms)
Platform modules already initialized, skipping
Registering precompiled user dll's ...
Registered in 0.009930 seconds.
Begin MonoManager ReloadAssembly
Error: Could not load signature of IronPython.SQLite.PythonSQLite+Row:keys due to: Could not resolve type with token 01000030 (from typeref, class/assembly IronPython.Runtime.List, IronPython, Version=2.7.12.0, Culture=neutral, PublicKeyToken=7f709c5b713576e1) assembly:IronPython, Version=2.7.12.0, Culture=neutral, PublicKeyToken=7f709c5b713576e1 type:IronPython.Runtime.List member:(null) signature:<none>
Unloading broken assembly Assets/Editor/Plugins/Resources/IronPython.SQLite.dll, this assembly can cause crashes in the runtime
Native extension for WindowsStandalone target not found
Refreshing native plugins compatible for Editor in 0.40 ms, found 2 plugins.
Preloading 0 native plugins for Editor in 0.00 ms.
Mono: successfully reloaded assembly
- Completed reload, in  1.508 seconds
Domain Reload Profiling:
	ReloadAssembly (1509ms)
		BeginReloadAssembly (240ms)
			ExecutionOrderSort (0ms)
			DisableScriptedObjects (10ms)
			BackupInstance (0ms)
			ReleaseScriptingObjects (0ms)
			CreateAndSetChildDomain (26ms)
		EndReloadAssembly (1170ms)
			LoadAssemblies (166ms)
			RebuildTransferFunctionScriptingTraits (0ms)
			SetupTypeCache (455ms)
			ReleaseScriptCaches (0ms)
			RebuildScriptCaches (57ms)
			SetupLoadedEditorAssemblies (389ms)
				LogAssemblyErrors (0ms)
				InitializePlatformSupportModulesInManaged (6ms)
				SetLoadedEditorAssemblies (1ms)
				RefreshPlugins (0ms)
				BeforeProcessingInitializeOnLoad (103ms)
				ProcessInitializeOnLoadAttributes (252ms)
				ProcessInitializeOnLoadMethodAttributes (17ms)
				AfterProcessingInitializeOnLoad (9ms)
				EditorAssembliesLoaded (0ms)
			ExecutionOrderSort2 (0ms)
			AwakeInstancesAfterBackupRestoration (10ms)
Platform modules already initialized, skipping
========================================================================
Worker process is ready to serve import requests
Launched and connected shader compiler UnityShaderCompiler.exe after 0.08 seconds
Refreshing native plugins compatible for Editor in 1.46 ms, found 2 plugins.
Preloading 0 native plugins for Editor in 0.00 ms.
Unloading 1517 Unused Serialized files (Serialized files now loaded: 0)
System memory in use before: 68.2 MB.
System memory in use after: 68.3 MB.

Unloading 32 unused Assets to reduce memory usage. Loaded Objects now: 1936.
Total: 4.134900 ms (FindLiveObjects: 0.185200 ms CreateObjectMapping: 0.074900 ms MarkObjects: 3.707100 ms  DeleteObjects: 0.166500 ms)

AssetImportParameters requested are different than current active one (requested -> active):
  custom:framework-win-MediaFoundation: 216162199b28c13a410421893ffa2e32 -> 
  custom:video-decoder-ogg-theora: a1e56fd34408186e4bbccfd4996cb3dc -> 
  custom:container-muxer-webm: aa71ff27fc2769a1b78a27578f13a17b -> 
  custom:container-demuxer-webm: 4f35f7cbe854078d1ac9338744f61a02 -> 
  custom:container-demuxer-ogg: 62fdf1f143b41e24485cea50d1cbac27 -> 
  custom:video-encoder-webm-vp8: eb34c28f22e8b96e1ab97ce403110664 -> 
  custom:video-decoder-webm-vp8: 9c59270c3fd7afecdb556c50c9e8de78 -> 
  custom:audio-decoder-ogg-vorbis: bf7c407c2cedff20999df2af8eb42d56 -> 
  custom:audio-encoder-webm-vorbis: bf7c407c2cedff20999df2af8eb42d56 -> 
========================================================================
Received Import Request.
  path: Assets/Editor/Plugins/Resources/System.Buffers.dll
  artifactKey: Guid(05d8f2fe53c283f4b804b1ea041f7373) Importer(815301076,1909f56bfc062723c751e8b465ee728b)
Start importing Assets/Editor/Plugins/Resources/System.Buffers.dll using Guid(05d8f2fe53c283f4b804b1ea041f7373) Importer(815301076,1909f56bfc062723c751e8b465ee728b)  -> (artifact id: 'fab7b092544e85ea4fc702ddf0dc3023') in 0.053727 seconds 
  Import took 0.117828 seconds .

========================================================================
Received Import Request.
  Time since last request: 132.608691 seconds.
  path: Assets/Editor/Plugins/Resources/System.Runtime.CompilerServices.Unsafe.dll
  artifactKey: Guid(3bf5819b2a17daa4e852f8d74c0d80f3) Importer(815301076,1909f56bfc062723c751e8b465ee728b)
Start importing Assets/Editor/Plugins/Resources/System.Runtime.CompilerServices.Unsafe.dll using Guid(3bf5819b2a17daa4e852f8d74c0d80f3) Importer(815301076,1909f56bfc062723c751e8b465ee728b)  -> (artifact id: '8204c8d81e1bb2693350c0887178e43d') in 0.014264 seconds 
  Import took 0.076821 seconds .

========================================================================
Received Import Request.
  Time since last request: 1.017891 seconds.
  path: Assets/Editor/Plugins/Resources/System.Xml.XPath.XmlDocument.dll
  artifactKey: Guid(89da2dfecc4d8b44795948deb2572627) Importer(815301076,1909f56bfc062723c751e8b465ee728b)
Start importing Assets/Editor/Plugins/Resources/System.Xml.XPath.XmlDocument.dll using Guid(89da2dfecc4d8b44795948deb2572627) Importer(815301076,1909f56bfc062723c751e8b465ee728b)  -> (artifact id: '236edfa247396bcfbd92ddf67c1a99e2') in 0.009402 seconds 
  Import took 0.034264 seconds .

========================================================================
Received Import Request.
  Time since last request: 1.704863 seconds.
  path: Assets/Editor/Plugins/Resources/System.CodeDom.dll
  artifactKey: Guid(154d806b986ec154bbf89bd545a19b23) Importer(815301076,1909f56bfc062723c751e8b465ee728b)
Start importing Assets/Editor/Plugins/Resources/System.CodeDom.dll using Guid(154d806b986ec154bbf89bd545a19b23) Importer(815301076,1909f56bfc062723c751e8b465ee728b)  -> (artifact id: '6ab9adca0b7c174dc88b5fe9ce2bd521') in 0.007554 seconds 
  Import took 0.026479 seconds .

========================================================================
Received Import Request.
  Time since last request: 4741.114434 seconds.
  path: Assets/Scripts/ImageProcessor.cs
  artifactKey: Guid(1072f5910d432ce40b52c306732a69be) Importer(815301076,1909f56bfc062723c751e8b465ee728b)
Start importing Assets/Scripts/ImageProcessor.cs using Guid(1072f5910d432ce40b52c306732a69be) Importer(815301076,1909f56bfc062723c751e8b465ee728b)  -> (artifact id: '9a65c4f24da8faaf47ac884c56cbb1dd') in 0.131281 seconds 
  Import took 1.202415 seconds .

========================================================================
Received Prepare
Registering precompiled user dll's ...
Registered in 1.187339 seconds.
Begin MonoManager ReloadAssembly
Error: Could not load signature of IronPython.SQLite.PythonSQLite+Row:keys due to: Could not resolve type with token 01000030 (from typeref, class/assembly IronPython.Runtime.List, IronPython, Version=2.7.12.0, Culture=neutral, PublicKeyToken=7f709c5b713576e1) assembly:IronPython, Version=2.7.12.0, Culture=neutral, PublicKeyToken=7f709c5b713576e1 type:IronPython.Runtime.List member:(null) signature:<none>
Unloading broken assembly Assets/Editor/Plugins/Resources/IronPython.SQLite.dll, this assembly can cause crashes in the runtime
Native extension for WindowsStandalone target not found
Refreshing native plugins compatible for Editor in 1.59 ms, found 2 plugins.
Preloading 0 native plugins for Editor in 0.00 ms.
Mono: successfully reloaded assembly
- Completed reload, in  9.100 seconds
Domain Reload Profiling:
	ReloadAssembly (9124ms)
		BeginReloadAssembly (5319ms)
			ExecutionOrderSort (0ms)
			DisableScriptedObjects (93ms)
			BackupInstance (0ms)
			ReleaseScriptingObjects (0ms)
			CreateAndSetChildDomain (3229ms)
		EndReloadAssembly (3626ms)
			LoadAssemblies (4039ms)
			RebuildTransferFunctionScriptingTraits (0ms)
			SetupTypeCache (651ms)
			ReleaseScriptCaches (2ms)
			RebuildScriptCaches (59ms)
			SetupLoadedEditorAssemblies (452ms)
				LogAssemblyErrors (0ms)
				InitializePlatformSupportModulesInManaged (10ms)
				SetLoadedEditorAssemblies (1ms)
				RefreshPlugins (2ms)
				BeforeProcessingInitializeOnLoad (99ms)
				ProcessInitializeOnLoadAttributes (317ms)
				ProcessInitializeOnLoadMethodAttributes (14ms)
				AfterProcessingInitializeOnLoad (9ms)
				EditorAssembliesLoaded (0ms)
			ExecutionOrderSort2 (0ms)
			AwakeInstancesAfterBackupRestoration (9ms)
Platform modules already initialized, skipping
Refreshing native plugins compatible for Editor in 0.38 ms, found 2 plugins.
Preloading 0 native plugins for Editor in 0.00 ms.
Unloading 1512 Unused Serialized files (Serialized files now loaded: 0)
System memory in use before: 68.1 MB.
System memory in use after: 68.2 MB.

Unloading 27 unused Assets to reduce memory usage. Loaded Objects now: 1939.
Total: 18.899600 ms (FindLiveObjects: 1.784100 ms CreateObjectMapping: 0.105200 ms MarkObjects: 16.277100 ms  DeleteObjects: 0.731200 ms)

AssetImportParameters requested are different than current active one (requested -> active):
  custom:framework-win-MediaFoundation: 216162199b28c13a410421893ffa2e32 -> 
  custom:video-decoder-ogg-theora: a1e56fd34408186e4bbccfd4996cb3dc -> 
  custom:container-muxer-webm: aa71ff27fc2769a1b78a27578f13a17b -> 
  custom:container-demuxer-webm: 4f35f7cbe854078d1ac9338744f61a02 -> 
  custom:container-demuxer-ogg: 62fdf1f143b41e24485cea50d1cbac27 -> 
  custom:video-encoder-webm-vp8: eb34c28f22e8b96e1ab97ce403110664 -> 
  custom:video-decoder-webm-vp8: 9c59270c3fd7afecdb556c50c9e8de78 -> 
  custom:audio-decoder-ogg-vorbis: bf7c407c2cedff20999df2af8eb42d56 -> 
  custom:audio-encoder-webm-vorbis: bf7c407c2cedff20999df2af8eb42d56 -> 
========================================================================
Received Import Request.
  Time since last request: 144.274539 seconds.
  path: Assets/Scripts/ImageProcessor.cs
  artifactKey: Guid(1072f5910d432ce40b52c306732a69be) Importer(815301076,1909f56bfc062723c751e8b465ee728b)
Start importing Assets/Scripts/ImageProcessor.cs using Guid(1072f5910d432ce40b52c306732a69be) Importer(815301076,1909f56bfc062723c751e8b465ee728b)  -> (artifact id: '3192a38eec06acd98a5525c25b2923be') in 0.010466 seconds 
  Import took 0.211514 seconds .

AssetImportWorkerClient::OnTransportError - code=2 error=End of file
